<?xml version="1.0" encoding="utf-8"?><testsuites name="pytest tests"><testsuite name="pytest" errors="0" failures="0" skipped="0" tests="20" time="8.767" timestamp="2026-08-22T05:34:28.303829+00:00" hostname="agent-env-6c1de1ee-7359-4a73-9c84-f84bdd346764"><testcase classname="tests.veded_backend_test.TestAuth" name="test_register_returns_token_and_60_credits" time="0.471" /><testcase classname="tests.veded_backend_test.TestAuth" name="test_login_works" time="0.270" /><testcase classname="tests.veded_backend_test.TestAuth" name="test_me_returns_user" time="0.050" /><testcase classname="tests.veded_backend_test.TestAuth" name="test_invalid_login_401" time="0.046" /><testcase classname="tests.veded_backend_test.TestAuth" name="test_me_no_token_401" time="0.044" /><testcase classname="tests.veded_backend_test.TestConfig" name="test_config" time="0.046" /><testcase classname="tests.veded_backend_test.TestConfig" name="test_pricing_margin" time="0.045" /><testcase classname="tests.veded_backend_test.TestImageGen" name="test_generate_flux_dev" time="4.974" /><testcase classname="tests.veded_backend_test.TestImageGen" name="test_media_returns_jpeg" time="0.056" /><testcase classname="tests.veded_backend_test.TestImageGen" name="test_gallery_lists_item_without_b64" time="0.045" /><testcase classname="tests.veded_backend_test.TestImageGen" name="test_publish_appears_in_discover" time="0.093" /><testcase classname="tests.veded_backend_test.TestImageGen" name="test_unknown_model_400" time="0.046" /><testcase classname="tests.veded_backend_test.TestImageGen" name="test_flux_schnell_optional" time="0.827" /><testcase classname="tests.veded_backend_test.TestCredits" name="test_402_when_exhausted" time="0.378" /><testcase classname="tests.veded_backend_test.TestChat" name="test_chat_deducts_1_credit" time="0.458" /><testcase classname="tests.veded_backend_test.TestVideo" name="test_video_returns_503" time="0.133" /><testcase classname="tests.veded_backend_test.TestPayments" name="test_initiate_submit_and_mine" time="0.149" /><testcase classname="tests.veded_backend_test.TestPayments" name="test_free_plan_rejected" time="0.045" /><testcase classname="tests.veded_backend_test.TestAdmin" name="test_non_admin_forbidden" time="0.047" /><testcase classname="tests.veded_backend_test.TestAdmin" name="test_admin_lists_and_approves" time="0.454" /></testsuite></testsuites>