<?xml version="1.0" encoding="utf-8"?><testsuites name="pytest tests"><testsuite name="pytest" errors="0" failures="0" skipped="0" tests="9" time="2.881" timestamp="2026-08-22T09:26:18.597342+00:00" hostname="agent-env-6c1de1ee-7359-4a73-9c84-f84bdd346764"><testcase classname="tests.test_topbar_endpoints.TestProfileUpdate" name="test_update_name" time="0.794" /><testcase classname="tests.test_topbar_endpoints.TestSearch" name="test_search_filters_by_prompt" time="0.802" /><testcase classname="tests.test_topbar_endpoints.TestProfileUpdate" name="test_ignore_blank_name" time="0.085" /><testcase classname="tests.test_topbar_endpoints.TestSearch" name="test_search_empty" time="0.041" /><testcase classname="tests.test_topbar_endpoints.TestSearch" name="test_search_requires_auth" time="0.083" /><testcase classname="tests.test_topbar_endpoints.TestProfileUpdate" name="test_requires_auth" time="0.044" /><testcase classname="tests.test_topbar_endpoints.TestNotifications" name="test_welcome_for_new_user" time="0.355" /><testcase classname="tests.test_topbar_endpoints.TestSearch" name="test_notifications_shows_creation_ready" time="0.264" /><testcase classname="tests.test_topbar_endpoints.TestNotifications" name="test_low_credits_alert" time="0.313" /></testsuite></testsuites>