<?xml version="1.0" encoding="utf-8"?><testsuites name="pytest tests"><testsuite name="pytest" errors="0" failures="0" skipped="0" tests="19" time="14.467" timestamp="2026-08-22T05:46:38.358196+00:00" hostname="agent-env-6c1de1ee-7359-4a73-9c84-f84bdd346764"><testcase classname="tests.test_veded_api.TestAuth" name="test_signup_returns_token_and_wallet" time="0.399" /><testcase classname="tests.test_veded_api.TestAuth" name="test_login_works" time="0.463" /><testcase classname="tests.test_veded_api.TestPayments" name="test_checkout_veded_pro" time="1.488" /><testcase classname="tests.test_veded_api.TestAuth" name="test_me" time="0.617" /><testcase classname="tests.test_veded_api.TestAuth" name="test_duplicate_signup_409" time="0.045" /><testcase classname="tests.test_veded_api.TestPayments" name="test_status_pending" time="0.289" /><testcase classname="tests.test_veded_api.TestAuth" name="test_bad_login_401" time="0.253" /><testcase classname="tests.test_veded_api.TestPayments" name="test_free_package_400" time="0.060" /><testcase classname="tests.test_veded_api.TestAuth" name="test_me_no_token_401" time="0.048" /><testcase classname="tests.test_veded_api.TestImageGen" name="test_generate_image_real" time="11.821" /><testcase classname="tests.test_veded_api.TestPayments" name="test_unknown_package_400" time="1.410" /><testcase classname="tests.test_veded_api.TestVideoMovie" name="test_video_placeholder" time="0.050" /><testcase classname="tests.test_veded_api.TestVideoMovie" name="test_movie_placeholder" time="0.388" /><testcase classname="tests.test_veded_api" name="test_health" time="0.047" /><testcase classname="tests.test_veded_api.TestPlans" name="test_plans_shape" time="0.048" /><testcase classname="tests.test_veded_api.TestInsufficient" name="test_402_when_image_credits_zero" time="0.319" /><testcase classname="tests.test_veded_api.TestAudio" name="test_generate_audio" time="2.164" /><testcase classname="tests.test_veded_api.TestImageGen" name="test_creations_list_contains_item" time="0.096" /><testcase classname="tests.test_veded_api.TestImageGen" name="test_delete_creation" time="0.135" /></testsuite></testsuites>