<?xml version="1.0" encoding="utf-8"?><testsuites name="pytest tests"><testsuite name="pytest" errors="0" failures="0" skipped="0" tests="16" time="34.411" timestamp="2026-08-22T09:07:13.943460+00:00" hostname="agent-env-6c1de1ee-7359-4a73-9c84-f84bdd346764"><testcase classname="tests.test_veded_api.TestImageFlux" name="test_generate_image_flux_1x1" time="7.338" /><testcase classname="tests.test_veded_api.TestAuth" name="test_signup_wallet_defaults" time="0.616" /><testcase classname="tests.test_veded_api.TestAuth" name="test_login_and_me" time="0.343" /><testcase classname="tests.test_veded_api.TestAuth" name="test_duplicate_signup_409" time="0.042" /><testcase classname="tests.test_veded_api.TestAuth" name="test_bad_login_401" time="0.049" /><testcase classname="tests.test_veded_api.TestAuth" name="test_me_no_token_401" time="0.044" /><testcase classname="tests.test_veded_api.TestBookStream" name="test_catalog" time="0.046" /><testcase classname="tests.test_veded_api.TestBookStream" name="test_dub_neon_archive" time="2.704" /><testcase classname="tests.test_veded_api" name="test_health" time="0.043" /><testcase classname="tests.test_veded_api.TestVideoReal" name="test_generate_video_mp4" time="10.272" /><testcase classname="tests.test_veded_api.TestImageFlux" name="test_generate_image_flux_aspects[16:9]" time="6.515" /><testcase classname="tests.test_veded_api.TestImageFlux" name="test_generate_image_flux_aspects[9:16]" time="8.735" /><testcase classname="tests.test_veded_api.TestMovieReal" name="test_generate_movie_mp4" time="9.387" /><testcase classname="tests.test_veded_api.TestCreationsList" name="test_creations_include_video_mp4" time="10.394" /><testcase classname="tests.test_veded_api.TestAudio" name="test_generate_audio" time="1.868" /><testcase classname="tests.test_veded_api.TestInsufficient" name="test_402_image" time="0.312" /></testsuite></testsuites>